  g_ai.c
g_ai.c(771): warning C4100: 'dist': unreferenced formal parameter
  g_chase.c
  g_cmds.c
g_cmds.c(45): warning C4996: 'strcpy': This function or variable may be unsafe. Consider using strcpy_s instead. To disable deprecation, use _CRT_SECURE_NO_WARNINGS. See online help for details.
g_cmds.c(68): warning C4996: 'strcpy': This function or variable may be unsafe. Consider using strcpy_s instead. To disable deprecation, use _CRT_SECURE_NO_WARNINGS. See online help for details.
g_cmds.c(69): warning C4996: 'strcpy': This function or variable may be unsafe. Consider using strcpy_s instead. To disable deprecation, use _CRT_SECURE_NO_WARNINGS. See online help for details.
g_cmds.c(733): warning C4996: 'strcat': This function or variable may be unsafe. Consider using strcat_s instead. To disable deprecation, use _CRT_SECURE_NO_WARNINGS. See online help for details.
g_cmds.c(736): warning C4996: 'strcat': This function or variable may be unsafe. Consider using strcat_s instead. To disable deprecation, use _CRT_SECURE_NO_WARNINGS. See online help for details.
g_cmds.c(819): warning C4996: 'strcat': This function or variable may be unsafe. Consider using strcat_s instead. To disable deprecation, use _CRT_SECURE_NO_WARNINGS. See online help for details.
g_cmds.c(820): warning C4996: 'strcat': This function or variable may be unsafe. Consider using strcat_s instead. To disable deprecation, use _CRT_SECURE_NO_WARNINGS. See online help for details.
g_cmds.c(821): warning C4996: 'strcat': This function or variable may be unsafe. Consider using strcat_s instead. To disable deprecation, use _CRT_SECURE_NO_WARNINGS. See online help for details.
g_cmds.c(832): warning C4996: 'strcat': This function or variable may be unsafe. Consider using strcat_s instead. To disable deprecation, use _CRT_SECURE_NO_WARNINGS. See online help for details.
g_cmds.c(839): warning C4996: 'strcat': This function or variable may be unsafe. Consider using strcat_s instead. To disable deprecation, use _CRT_SECURE_NO_WARNINGS. See online help for details.
g_cmds.c(886): warning C4459: declaration of 'st' hides global declaration
  c:\users\ryana\desktop\git2018\game-mod-q2\game\g_local.h(456): note: see declaration of 'st'
g_cmds.c(908): warning C4996: 'strcat': This function or variable may be unsafe. Consider using strcat_s instead. To disable deprecation, use _CRT_SECURE_NO_WARNINGS. See online help for details.
g_cmds.c(896): warning C4996: 'sprintf': This function or variable may be unsafe. Consider using sprintf_s instead. To disable deprecation, use _CRT_SECURE_NO_WARNINGS. See online help for details.
  C:\Program Files (x86)\Windows Kits\10\Include\10.0.10240.0\ucrt\stdio.h(1769): note: see declaration of 'sprintf'
g_cmds.c(904): warning C4996: 'sprintf': This function or variable may be unsafe. Consider using sprintf_s instead. To disable deprecation, use _CRT_SECURE_NO_WARNINGS. See online help for details.
  C:\Program Files (x86)\Windows Kits\10\Include\10.0.10240.0\ucrt\stdio.h(1769): note: see declaration of 'sprintf'
g_cmds.c(989): warning C4020: 'T_Damage': too many actual parameters
  g_combat.c
g_combat.c(370): warning C4100: 'attacker': unreferenced formal parameter
g_combat.c(370): warning C4100: 'targ': unreferenced formal parameter
  g_func.c
g_func.c(428): warning C4100: 'activator': unreferenced formal parameter
g_func.c(428): warning C4100: 'other': unreferenced formal parameter
g_func.c(436): warning C4100: 'surf': unreferenced formal parameter
g_func.c(436): warning C4100: 'plane': unreferenced formal parameter
g_func.c(600): warning C4100: 'surf': unreferenced formal parameter
g_func.c(600): warning C4100: 'plane': unreferenced formal parameter
g_func.c(606): warning C4100: 'activator': unreferenced formal parameter
g_func.c(606): warning C4100: 'other': unreferenced formal parameter
g_func.c(737): warning C4100: 'other': unreferenced formal parameter
g_func.c(743): warning C4100: 'surf': unreferenced formal parameter
g_func.c(743): warning C4100: 'plane': unreferenced formal parameter
g_func.c(755): warning C4100: 'point': unreferenced formal parameter
g_func.c(755): warning C4100: 'damage': unreferenced formal parameter
g_func.c(755): warning C4100: 'inflictor': unreferenced formal parameter
g_func.c(949): warning C4100: 'other': unreferenced formal parameter
g_func.c(980): warning C4100: 'surf': unreferenced formal parameter
g_func.c(980): warning C4100: 'plane': unreferenced formal parameter
g_func.c(1113): warning C4100: 'point': unreferenced formal parameter
g_func.c(1113): warning C4100: 'damage': unreferenced formal parameter
g_func.c(1113): warning C4100: 'inflictor': unreferenced formal parameter
g_func.c(1125): warning C4100: 'surf': unreferenced formal parameter
g_func.c(1125): warning C4100: 'plane': unreferenced formal parameter
g_func.c(1633): warning C4100: 'other': unreferenced formal parameter
g_func.c(1699): warning C4100: 'activator': unreferenced formal parameter
g_func.c(1777): warning C4100: 'other': unreferenced formal parameter
g_func.c(1825): warning C4100: 'activator': unreferenced formal parameter
g_func.c(1825): warning C4100: 'other': unreferenced formal parameter
g_func.c(1886): warning C4100: 'activator': unreferenced formal parameter
g_func.c(1886): warning C4100: 'other': unreferenced formal parameter
g_func.c(1960): warning C4100: 'point': unreferenced formal parameter
g_func.c(1960): warning C4100: 'damage': unreferenced formal parameter
g_func.c(1960): warning C4100: 'inflictor': unreferenced formal parameter
g_func.c(2037): warning C4100: 'activator': unreferenced formal parameter
g_func.c(2037): warning C4100: 'other': unreferenced formal parameter
  g_items.c
g_items.c(45): warning C4211: nonstandard extension used: redefined extern to static
g_items.c(46): warning C4211: nonstandard extension used: redefined extern to static
g_items.c(47): warning C4211: nonstandard extension used: redefined extern to static
g_items.c(707): warning C4100: 'item': unreferenced formal parameter
g_items.c(763): warning C4100: 'surf': unreferenced formal parameter
g_items.c(763): warning C4100: 'plane': unreferenced formal parameter
g_items.c(894): warning C4100: 'activator': unreferenced formal parameter
g_items.c(894): warning C4100: 'other': unreferenced formal parameter
  g_main.c
g_main.c(148): warning C4996: 'vsprintf': This function or variable may be unsafe. Consider using vsprintf_s instead. To disable deprecation, use _CRT_SECURE_NO_WARNINGS. See online help for details.
  C:\Program Files (x86)\Windows Kits\10\Include\10.0.10240.0\ucrt\stdio.h(1465): note: see declaration of 'vsprintf'
g_main.c(160): warning C4996: 'vsprintf': This function or variable may be unsafe. Consider using vsprintf_s instead. To disable deprecation, use _CRT_SECURE_NO_WARNINGS. See online help for details.
  C:\Program Files (x86)\Windows Kits\10\Include\10.0.10240.0\ucrt\stdio.h(1465): note: see declaration of 'vsprintf'
g_main.c(233): warning C4996: 'strdup': The POSIX name for this item is deprecated. Instead, use the ISO C and C++ conformant name: _strdup. See online help for details.
  C:\Program Files (x86)\Windows Kits\10\Include\10.0.10240.0\ucrt\string.h(552): note: see declaration of 'strdup'
g_main.c(235): warning C4996: 'strtok': This function or variable may be unsafe. Consider using strtok_s instead. To disable deprecation, use _CRT_SECURE_NO_WARNINGS. See online help for details.
  C:\Program Files (x86)\Windows Kits\10\Include\10.0.10240.0\ucrt\string.h(453): note: see declaration of 'strtok'
g_main.c(239): warning C4996: 'strtok': This function or variable may be unsafe. Consider using strtok_s instead. To disable deprecation, use _CRT_SECURE_NO_WARNINGS. See online help for details.
  C:\Program Files (x86)\Windows Kits\10\Include\10.0.10240.0\ucrt\string.h(453): note: see declaration of 'strtok'
g_main.c(252): warning C4996: 'strtok': This function or variable may be unsafe. Consider using strtok_s instead. To disable deprecation, use _CRT_SECURE_NO_WARNINGS. See online help for details.
  C:\Program Files (x86)\Windows Kits\10\Include\10.0.10240.0\ucrt\string.h(453): note: see declaration of 'strtok'
  g_misc.c
g_misc.c(31): warning C4100: 'activator': unreferenced formal parameter
g_misc.c(31): warning C4100: 'other': unreferenced formal parameter
g_misc.c(104): warning C4100: 'surf': unreferenced formal parameter
g_misc.c(104): warning C4100: 'other': unreferenced formal parameter
g_misc.c(130): warning C4100: 'point': unreferenced formal parameter
g_misc.c(130): warning C4100: 'damage': unreferenced formal parameter
g_misc.c(130): warning C4100: 'attacker': unreferenced formal parameter
g_misc.c(130): warning C4100: 'inflictor': unreferenced formal parameter
g_misc.c(281): warning C4100: 'point': unreferenced formal parameter
g_misc.c(281): warning C4100: 'damage': unreferenced formal parameter
g_misc.c(281): warning C4100: 'attacker': unreferenced formal parameter
g_misc.c(281): warning C4100: 'inflictor': unreferenced formal parameter
g_misc.c(342): warning C4100: 'surf': unreferenced formal parameter
g_misc.c(342): warning C4100: 'plane': unreferenced formal parameter
g_misc.c(422): warning C4100: 'surf': unreferenced formal parameter
g_misc.c(422): warning C4100: 'plane': unreferenced formal parameter
g_misc.c(545): warning C4100: 'activator': unreferenced formal parameter
g_misc.c(545): warning C4100: 'other': unreferenced formal parameter
g_misc.c(593): warning C4100: 'activator': unreferenced formal parameter
g_misc.c(593): warning C4100: 'other': unreferenced formal parameter
g_misc.c(665): warning C4100: 'surf': unreferenced formal parameter
g_misc.c(683): warning C4100: 'activator': unreferenced formal parameter
g_misc.c(683): warning C4100: 'other': unreferenced formal parameter
g_misc.c(745): warning C4100: 'point': unreferenced formal parameter
g_misc.c(745): warning C4100: 'damage': unreferenced formal parameter
g_misc.c(809): warning C4100: 'activator': unreferenced formal parameter
g_misc.c(814): warning C4100: 'activator': unreferenced formal parameter
g_misc.c(814): warning C4100: 'other': unreferenced formal parameter
g_misc.c(873): warning C4100: 'surf': unreferenced formal parameter
g_misc.c(873): warning C4100: 'plane': unreferenced formal parameter
g_misc.c(966): warning C4100: 'point': unreferenced formal parameter
g_misc.c(966): warning C4100: 'damage': unreferenced formal parameter
g_misc.c(966): warning C4100: 'inflictor': unreferenced formal parameter
g_misc.c(1021): warning C4100: 'activator': unreferenced formal parameter
g_misc.c(1021): warning C4100: 'other': unreferenced formal parameter
g_misc.c(1157): warning C4100: 'activator': unreferenced formal parameter
g_misc.c(1157): warning C4100: 'other': unreferenced formal parameter
g_misc.c(1217): warning C4100: 'point': unreferenced formal parameter
g_misc.c(1217): warning C4100: 'attacker': unreferenced formal parameter
g_misc.c(1217): warning C4100: 'inflictor': unreferenced formal parameter
g_misc.c(1330): warning C4100: 'surf': unreferenced formal parameter
g_misc.c(1330): warning C4100: 'plane': unreferenced formal parameter
g_misc.c(1330): warning C4100: 'other': unreferenced formal parameter
g_misc.c(1358): warning C4100: 'other': unreferenced formal parameter
g_misc.c(1452): warning C4100: 'activator': unreferenced formal parameter
g_misc.c(1452): warning C4100: 'other': unreferenced formal parameter
g_misc.c(1577): warning C4100: 'activator': unreferenced formal parameter
g_misc.c(1577): warning C4100: 'other': unreferenced formal parameter
g_misc.c(1700): warning C4996: 'localtime': This function or variable may be unsafe. Consider using localtime_s instead. To disable deprecation, use _CRT_SECURE_NO_WARNINGS. See online help for details.
  C:\Program Files (x86)\Windows Kits\10\Include\10.0.10240.0\ucrt\time.h(505): note: see declaration of 'localtime'
g_misc.c(1740): warning C4100: 'other': unreferenced formal parameter
g_misc.c(1783): warning C4100: 'surf': unreferenced formal parameter
g_misc.c(1783): warning C4100: 'plane': unreferenced formal parameter
  g_monster.c
g_monster.c(91): warning C4100: 'kick': unreferenced formal parameter
g_monster.c(440): warning C4100: 'other': unreferenced formal parameter
g_monster.c(483): warning C4100: 'other': unreferenced formal parameter
  g_phys.c
  g_save.c
g_save.c(226): warning C4100: 'f': unreferenced formal parameter
g_save.c(474): warning C4996: 'strcpy': This function or variable may be unsafe. Consider using strcpy_s instead. To disable deprecation, use _CRT_SECURE_NO_WARNINGS. See online help for details.
g_save.c(469): warning C4996: 'fopen': This function or variable may be unsafe. Consider using fopen_s instead. To disable deprecation, use _CRT_SECURE_NO_WARNINGS. See online help for details.
  C:\Program Files (x86)\Windows Kits\10\Include\10.0.10240.0\ucrt\stdio.h(205): note: see declaration of 'fopen'
g_save.c(495): warning C4996: 'fopen': This function or variable may be unsafe. Consider using fopen_s instead. To disable deprecation, use _CRT_SECURE_NO_WARNINGS. See online help for details.
  C:\Program Files (x86)\Windows Kits\10\Include\10.0.10240.0\ucrt\stdio.h(205): note: see declaration of 'fopen'
g_save.c(635): warning C4996: 'fopen': This function or variable may be unsafe. Consider using fopen_s instead. To disable deprecation, use _CRT_SECURE_NO_WARNINGS. See online help for details.
  C:\Program Files (x86)\Windows Kits\10\Include\10.0.10240.0\ucrt\stdio.h(205): note: see declaration of 'fopen'
g_save.c(690): warning C4996: 'fopen': This function or variable may be unsafe. Consider using fopen_s instead. To disable deprecation, use _CRT_SECURE_NO_WARNINGS. See online help for details.
  C:\Program Files (x86)\Windows Kits\10\Include\10.0.10240.0\ucrt\stdio.h(205): note: see declaration of 'fopen'
  g_spawn.c
g_spawn.c(380): warning C4996: 'sscanf': This function or variable may be unsafe. Consider using sscanf_s instead. To disable deprecation, use _CRT_SECURE_NO_WARNINGS. See online help for details.
  C:\Program Files (x86)\Windows Kits\10\Include\10.0.10240.0\ucrt\stdio.h(2254): note: see declaration of 'sscanf'
g_spawn.c(433): warning C4996: 'strncpy': This function or variable may be unsafe. Consider using strncpy_s instead. To disable deprecation, use _CRT_SECURE_NO_WARNINGS. See online help for details.
  C:\Program Files (x86)\Windows Kits\10\Include\10.0.10240.0\ucrt\string.h(340): note: see declaration of 'strncpy'
g_spawn.c(543): warning C4996: 'strncpy': This function or variable may be unsafe. Consider using strncpy_s instead. To disable deprecation, use _CRT_SECURE_NO_WARNINGS. See online help for details.
  C:\Program Files (x86)\Windows Kits\10\Include\10.0.10240.0\ucrt\string.h(340): note: see declaration of 'strncpy'
g_spawn.c(544): warning C4996: 'strncpy': This function or variable may be unsafe. Consider using strncpy_s instead. To disable deprecation, use _CRT_SECURE_NO_WARNINGS. See online help for details.
  C:\Program Files (x86)\Windows Kits\10\Include\10.0.10240.0\ucrt\string.h(340): note: see declaration of 'strncpy'
g_spawn.c(814): warning C4996: 'strcpy': This function or variable may be unsafe. Consider using strcpy_s instead. To disable deprecation, use _CRT_SECURE_NO_WARNINGS. See online help for details.
g_spawn.c(821): warning C4996: 'strncpy': This function or variable may be unsafe. Consider using strncpy_s instead. To disable deprecation, use _CRT_SECURE_NO_WARNINGS. See online help for details.
  C:\Program Files (x86)\Windows Kits\10\Include\10.0.10240.0\ucrt\string.h(340): note: see declaration of 'strncpy'
g_spawn.c(824): warning C4996: 'strncpy': This function or variable may be unsafe. Consider using strncpy_s instead. To disable deprecation, use _CRT_SECURE_NO_WARNINGS. See online help for details.
  C:\Program Files (x86)\Windows Kits\10\Include\10.0.10240.0\ucrt\string.h(340): note: see declaration of 'strncpy'
  g_svcmds.c
g_svcmds.c(244): warning C4459: declaration of 'game' hides global declaration
  c:\users\ryana\desktop\git2018\game-mod-q2\game\g_local.h(452): note: see declaration of 'game'
g_svcmds.c(249): warning C4996: 'sprintf': This function or variable may be unsafe. Consider using sprintf_s instead. To disable deprecation, use _CRT_SECURE_NO_WARNINGS. See online help for details.
  C:\Program Files (x86)\Windows Kits\10\Include\10.0.10240.0\ucrt\stdio.h(1769): note: see declaration of 'sprintf'
g_svcmds.c(251): warning C4996: 'sprintf': This function or variable may be unsafe. Consider using sprintf_s instead. To disable deprecation, use _CRT_SECURE_NO_WARNINGS. See online help for details.
  C:\Program Files (x86)\Windows Kits\10\Include\10.0.10240.0\ucrt\stdio.h(1769): note: see declaration of 'sprintf'
g_svcmds.c(255): warning C4996: 'fopen': This function or variable may be unsafe. Consider using fopen_s instead. To disable deprecation, use _CRT_SECURE_NO_WARNINGS. See online help for details.
  C:\Program Files (x86)\Windows Kits\10\Include\10.0.10240.0\ucrt\stdio.h(205): note: see declaration of 'fopen'
  g_target.c
g_target.c(26): warning C4100: 'activator': unreferenced formal parameter
g_target.c(26): warning C4100: 'other': unreferenced formal parameter
g_target.c(58): warning C4100: 'activator': unreferenced formal parameter
g_target.c(58): warning C4100: 'other': unreferenced formal parameter
g_target.c(93): warning C4996: 'strncpy': This function or variable may be unsafe. Consider using strncpy_s instead. To disable deprecation, use _CRT_SECURE_NO_WARNINGS. See online help for details.
  C:\Program Files (x86)\Windows Kits\10\Include\10.0.10240.0\ucrt\string.h(340): note: see declaration of 'strncpy'
g_target.c(121): warning C4996: 'strncpy': This function or variable may be unsafe. Consider using strncpy_s instead. To disable deprecation, use _CRT_SECURE_NO_WARNINGS. See online help for details.
  C:\Program Files (x86)\Windows Kits\10\Include\10.0.10240.0\ucrt\string.h(340): note: see declaration of 'strncpy'
g_target.c(123): warning C4996: 'strncpy': This function or variable may be unsafe. Consider using strncpy_s instead. To disable deprecation, use _CRT_SECURE_NO_WARNINGS. See online help for details.
  C:\Program Files (x86)\Windows Kits\10\Include\10.0.10240.0\ucrt\string.h(340): note: see declaration of 'strncpy'
g_target.c(118): warning C4100: 'activator': unreferenced formal parameter
g_target.c(118): warning C4100: 'other': unreferenced formal parameter
g_target.c(154): warning C4100: 'other': unreferenced formal parameter
g_target.c(189): warning C4100: 'other': unreferenced formal parameter
g_target.c(244): warning C4100: 'other': unreferenced formal parameter
g_target.c(338): warning C4100: 'other': unreferenced formal parameter
g_target.c(380): warning C4100: 'activator': unreferenced formal parameter
g_target.c(380): warning C4100: 'other': unreferenced formal parameter
g_target.c(416): warning C4100: 'activator': unreferenced formal parameter
g_target.c(416): warning C4100: 'other': unreferenced formal parameter
g_target.c(451): warning C4100: 'activator': unreferenced formal parameter
g_target.c(451): warning C4100: 'other': unreferenced formal parameter
g_target.c(576): warning C4100: 'other': unreferenced formal parameter
g_target.c(679): warning C4100: 'activator': unreferenced formal parameter
g_target.c(679): warning C4100: 'other': unreferenced formal parameter
g_target.c(785): warning C4100: 'other': unreferenced formal parameter
  g_trigger.c
g_trigger.c(66): warning C4100: 'other': unreferenced formal parameter
g_trigger.c(72): warning C4100: 'surf': unreferenced formal parameter
g_trigger.c(72): warning C4100: 'plane': unreferenced formal parameter
g_trigger.c(111): warning C4100: 'activator': unreferenced formal parameter
g_trigger.c(111): warning C4100: 'other': unreferenced formal parameter
g_trigger.c(189): warning C4100: 'other': unreferenced formal parameter
g_trigger.c(212): warning C4100: 'other': unreferenced formal parameter
g_trigger.c(326): warning C4100: 'other': unreferenced formal parameter
g_trigger.c(394): warning C4100: 'surf': unreferenced formal parameter
g_trigger.c(394): warning C4100: 'plane': unreferenced formal parameter
g_trigger.c(455): warning C4100: 'activator': unreferenced formal parameter
g_trigger.c(455): warning C4100: 'other': unreferenced formal parameter
g_trigger.c(468): warning C4100: 'surf': unreferenced formal parameter
g_trigger.c(468): warning C4100: 'plane': unreferenced formal parameter
g_trigger.c(532): warning C4100: 'surf': unreferenced formal parameter
g_trigger.c(532): warning C4100: 'plane': unreferenced formal parameter
g_trigger.c(566): warning C4100: 'surf': unreferenced formal parameter
g_trigger.c(566): warning C4100: 'plane': unreferenced formal parameter
  g_turret.c
g_turret.c(278): warning C4100: 'point': unreferenced formal parameter
  g_utils.c
g_utils.c(396): warning C4996: 'strcpy': This function or variable may be unsafe. Consider using strcpy_s instead. To disable deprecation, use _CRT_SECURE_NO_WARNINGS. See online help for details.
  g_weapon.c
g_weapon.c(455): warning C4100: 'plane': unreferenced formal parameter
g_weapon.c(958): warning C4020: 'T_Damage': too many actual parameters
  m_actor.c
m_actor.c(230): warning C4100: 'damage': unreferenced formal parameter
m_actor.c(230): warning C4100: 'kick': unreferenced formal parameter
m_actor.c(339): warning C4100: 'point': unreferenced formal parameter
m_actor.c(339): warning C4100: 'attacker': unreferenced formal parameter
m_actor.c(339): warning C4100: 'inflictor': unreferenced formal parameter
m_actor.c(401): warning C4100: 'activator': unreferenced formal parameter
m_actor.c(401): warning C4100: 'other': unreferenced formal parameter
m_actor.c(496): warning C4100: 'surf': unreferenced formal parameter
m_actor.c(496): warning C4100: 'plane': unreferenced formal parameter
  m_berserk.c
m_berserk.c(39): warning C4100: 'other': unreferenced formal parameter
m_berserk.c(222): warning C4100: 'self': unreferenced formal parameter
m_berserk.c(315): warning C4100: 'kick': unreferenced formal parameter
m_berserk.c(315): warning C4100: 'other': unreferenced formal parameter
m_berserk.c(381): warning C4100: 'point': unreferenced formal parameter
m_berserk.c(381): warning C4100: 'attacker': unreferenced formal parameter
m_berserk.c(381): warning C4100: 'inflictor': unreferenced formal parameter
  Generating Code...
c:\users\ryana\desktop\git2018\game-mod-q2\game\g_utils.c(215): warning C4706: assignment within conditional expression
c:\users\ryana\desktop\git2018\game-mod-q2\game\g_utils.c(232): warning C4706: assignment within conditional expression
c:\users\ryana\desktop\git2018\game-mod-q2\game\g_func.c(859): warning C4706: assignment within conditional expression
c:\users\ryana\desktop\git2018\game-mod-q2\game\g_combat.c(249): warning C4701: potentially uninitialized local variable 'index' used
c:\users\ryana\desktop\git2018\game-mod-q2\game\g_combat.c(209): warning C4701: potentially uninitialized local variable 'power' used
  Compiling...
  m_boss2.c
m_boss2.c(470): warning C4100: 'kick': unreferenced formal parameter
m_boss2.c(470): warning C4100: 'other': unreferenced formal parameter
m_boss2.c(507): warning C4100: 'point': unreferenced formal parameter
m_boss2.c(507): warning C4100: 'damage': unreferenced formal parameter
m_boss2.c(507): warning C4100: 'attacker': unreferenced formal parameter
m_boss2.c(507): warning C4100: 'inflictor': unreferenced formal parameter
  m_boss3.c
m_boss3.c(31): warning C4100: 'activator': unreferenced formal parameter
m_boss3.c(31): warning C4100: 'other': unreferenced formal parameter
  m_boss31.c
m_boss31.c(31): warning C4431: missing type specifier - int assumed. Note: C no longer supports default-int
m_boss31.c(416): warning C4100: 'kick': unreferenced formal parameter
m_boss31.c(416): warning C4100: 'other': unreferenced formal parameter
m_boss31.c(560): warning C4100: 'self': unreferenced formal parameter
m_boss31.c(589): warning C4100: 'point': unreferenced formal parameter
m_boss31.c(589): warning C4100: 'damage': unreferenced formal parameter
m_boss31.c(589): warning C4100: 'attacker': unreferenced formal parameter
m_boss31.c(589): warning C4100: 'inflictor': unreferenced formal parameter
  m_boss32.c
m_boss32.c(555): warning C4100: 'kick': unreferenced formal parameter
m_boss32.c(555): warning C4100: 'other': unreferenced formal parameter
m_boss32.c(601): warning C4100: 'other': unreferenced formal parameter
m_boss32.c(673): warning C4100: 'point': unreferenced formal parameter
m_boss32.c(673): warning C4100: 'attacker': unreferenced formal parameter
m_boss32.c(673): warning C4100: 'inflictor': unreferenced formal parameter
  m_brain.c
m_brain.c(48): warning C4100: 'other': unreferenced formal parameter
m_brain.c(542): warning C4100: 'damage': unreferenced formal parameter
m_brain.c(542): warning C4100: 'kick': unreferenced formal parameter
m_brain.c(542): warning C4100: 'other': unreferenced formal parameter
m_brain.c(586): warning C4100: 'point': unreferenced formal parameter
m_brain.c(586): warning C4100: 'attacker': unreferenced formal parameter
m_brain.c(586): warning C4100: 'inflictor': unreferenced formal parameter
  m_chick.c
m_chick.c(266): warning C4100: 'kick': unreferenced formal parameter
m_chick.c(266): warning C4100: 'other': unreferenced formal parameter
m_chick.c(353): warning C4100: 'point': unreferenced formal parameter
m_chick.c(353): warning C4100: 'attacker': unreferenced formal parameter
m_chick.c(353): warning C4100: 'inflictor': unreferenced formal parameter
m_chick.c(430): warning C4100: 'eta': unreferenced formal parameter
m_chick.c(619): warning C4100: 'other': unreferenced formal parameter
  m_flash.c
  m_flipper.c
m_flipper.c(223): warning C4100: 'damage': unreferenced formal parameter
m_flipper.c(223): warning C4100: 'kick': unreferenced formal parameter
m_flipper.c(223): warning C4100: 'other': unreferenced formal parameter
m_flipper.c(327): warning C4100: 'other': unreferenced formal parameter
m_flipper.c(332): warning C4100: 'point': unreferenced formal parameter
m_flipper.c(332): warning C4100: 'attacker': unreferenced formal parameter
m_flipper.c(332): warning C4100: 'inflictor': unreferenced formal parameter
  m_float.c
m_float.c(41): warning C4100: 'other': unreferenced formal parameter
m_float.c(566): warning C4100: 'damage': unreferenced formal parameter
m_float.c(566): warning C4100: 'kick': unreferenced formal parameter
m_float.c(566): warning C4100: 'other': unreferenced formal parameter
m_float.c(603): warning C4100: 'point': unreferenced formal parameter
m_float.c(603): warning C4100: 'damage': unreferenced formal parameter
m_float.c(603): warning C4100: 'attacker': unreferenced formal parameter
m_float.c(603): warning C4100: 'inflictor': unreferenced formal parameter
  m_flyer.c
m_flyer.c(52): warning C4100: 'other': unreferenced formal parameter
m_flyer.c(531): warning C4100: 'damage': unreferenced formal parameter
m_flyer.c(531): warning C4100: 'kick': unreferenced formal parameter
m_flyer.c(531): warning C4100: 'other': unreferenced formal parameter
m_flyer.c(564): warning C4100: 'point': unreferenced formal parameter
m_flyer.c(564): warning C4100: 'damage': unreferenced formal parameter
m_flyer.c(564): warning C4100: 'attacker': unreferenced formal parameter
m_flyer.c(564): warning C4100: 'inflictor': unreferenced formal parameter
  m_gladiator.c
m_gladiator.c(49): warning C4100: 'other': unreferenced formal parameter
m_gladiator.c(240): warning C4100: 'damage': unreferenced formal parameter
m_gladiator.c(240): warning C4100: 'kick': unreferenced formal parameter
m_gladiator.c(240): warning C4100: 'other': unreferenced formal parameter
m_gladiator.c(308): warning C4100: 'point': unreferenced formal parameter
m_gladiator.c(308): warning C4100: 'attacker': unreferenced formal parameter
m_gladiator.c(308): warning C4100: 'inflictor': unreferenced formal parameter
  m_gunner.c
m_gunner.c(46): warning C4100: 'other': unreferenced formal parameter
m_gunner.c(283): warning C4100: 'kick': unreferenced formal parameter
m_gunner.c(283): warning C4100: 'other': unreferenced formal parameter
m_gunner.c(335): warning C4100: 'point': unreferenced formal parameter
m_gunner.c(335): warning C4100: 'attacker': unreferenced formal parameter
m_gunner.c(335): warning C4100: 'inflictor': unreferenced formal parameter
m_gunner.c(409): warning C4100: 'eta': unreferenced formal parameter
  m_hover.c
m_hover.c(43): warning C4100: 'other': unreferenced formal parameter
m_hover.c(487): warning C4100: 'kick': unreferenced formal parameter
m_hover.c(487): warning C4100: 'other': unreferenced formal parameter
m_hover.c(541): warning C4100: 'point': unreferenced formal parameter
m_hover.c(541): warning C4100: 'attacker': unreferenced formal parameter
m_hover.c(541): warning C4100: 'inflictor': unreferenced formal parameter
  m_infantry.c
m_infantry.c(215): warning C4100: 'damage': unreferenced formal parameter
m_infantry.c(215): warning C4100: 'kick': unreferenced formal parameter
m_infantry.c(215): warning C4100: 'other': unreferenced formal parameter
m_infantry.c(299): warning C4100: 'other': unreferenced formal parameter
m_infantry.c(386): warning C4100: 'point': unreferenced formal parameter
m_infantry.c(386): warning C4100: 'attacker': unreferenced formal parameter
m_infantry.c(386): warning C4100: 'inflictor': unreferenced formal parameter
m_infantry.c(466): warning C4100: 'eta': unreferenced formal parameter
  m_insane.c
m_insane.c(477): warning C4100: 'damage': unreferenced formal parameter
m_insane.c(477): warning C4100: 'kick': unreferenced formal parameter
m_insane.c(477): warning C4100: 'other': unreferenced formal parameter
m_insane.c(581): warning C4100: 'point': unreferenced formal parameter
m_insane.c(581): warning C4100: 'attacker': unreferenced formal parameter
m_insane.c(581): warning C4100: 'inflictor': unreferenced formal parameter
  m_medic.c
m_medic.c(116): warning C4100: 'other': unreferenced formal parameter
m_medic.c(317): warning C4100: 'damage': unreferenced formal parameter
m_medic.c(317): warning C4100: 'kick': unreferenced formal parameter
m_medic.c(317): warning C4100: 'other': unreferenced formal parameter
m_medic.c(413): warning C4100: 'point': unreferenced formal parameter
m_medic.c(413): warning C4100: 'attacker': unreferenced formal parameter
m_medic.c(413): warning C4100: 'inflictor': unreferenced formal parameter
m_medic.c(494): warning C4100: 'eta': unreferenced formal parameter
  m_move.c
  m_mutant.c
m_mutant.c(62): warning C4100: 'other': unreferenced formal parameter
m_mutant.c(308): warning C4100: 'surf': unreferenced formal parameter
m_mutant.c(308): warning C4100: 'plane': unreferenced formal parameter
m_mutant.c(496): warning C4100: 'damage': unreferenced formal parameter
m_mutant.c(496): warning C4100: 'kick': unreferenced formal parameter
m_mutant.c(496): warning C4100: 'other': unreferenced formal parameter
m_mutant.c(574): warning C4100: 'point': unreferenced formal parameter
m_mutant.c(574): warning C4100: 'attacker': unreferenced formal parameter
m_mutant.c(574): warning C4100: 'inflictor': unreferenced formal parameter
  m_parasite.c
m_parasite.c(65): warning C4100: 'other': unreferenced formal parameter
m_parasite.c(275): warning C4100: 'damage': unreferenced formal parameter
m_parasite.c(275): warning C4100: 'kick': unreferenced formal parameter
m_parasite.c(275): warning C4100: 'other': unreferenced formal parameter
m_parasite.c(471): warning C4100: 'point': unreferenced formal parameter
m_parasite.c(471): warning C4100: 'attacker': unreferenced formal parameter
m_parasite.c(471): warning C4100: 'inflictor': unreferenced formal parameter
  m_soldier.c
m_soldier.c(409): warning C4100: 'damage': unreferenced formal parameter
m_soldier.c(409): warning C4100: 'kick': unreferenced formal parameter
m_soldier.c(409): warning C4100: 'other': unreferenced formal parameter
m_soldier.c(792): warning C4100: 'other': unreferenced formal parameter
m_soldier.c(1144): warning C4100: 'attacker': unreferenced formal parameter
m_soldier.c(1144): warning C4100: 'inflictor': unreferenced formal parameter
  Generating Code...
  Compiling...
  m_supertank.c
m_supertank.c(452): warning C4100: 'kick': unreferenced formal parameter
m_supertank.c(452): warning C4100: 'other': unreferenced formal parameter
m_supertank.c(657): warning C4100: 'point': unreferenced formal parameter
m_supertank.c(657): warning C4100: 'damage': unreferenced formal parameter
m_supertank.c(657): warning C4100: 'attacker': unreferenced formal parameter
m_supertank.c(657): warning C4100: 'inflictor': unreferenced formal parameter
  m_tank.c
m_tank.c(49): warning C4100: 'other': unreferenced formal parameter
m_tank.c(288): warning C4100: 'kick': unreferenced formal parameter
m_tank.c(288): warning C4100: 'other': unreferenced formal parameter
m_tank.c(753): warning C4100: 'point': unreferenced formal parameter
m_tank.c(753): warning C4100: 'attacker': unreferenced formal parameter
m_tank.c(753): warning C4100: 'inflictor': unreferenced formal parameter
  p_client.c
p_client.c(70): warning C4100: 'self': unreferenced formal parameter
p_client.c(179): warning C4100: 'damage': unreferenced formal parameter
p_client.c(179): warning C4100: 'kick': unreferenced formal parameter
p_client.c(179): warning C4100: 'other': unreferenced formal parameter
p_client.c(179): warning C4100: 'self': unreferenced formal parameter
p_client.c(211): warning C4100: 'inflictor': unreferenced formal parameter
p_client.c(505): warning C4100: 'point': unreferenced formal parameter
p_client.c(941): warning C4100: 'point': unreferenced formal parameter
p_client.c(941): warning C4100: 'attacker': unreferenced formal parameter
p_client.c(941): warning C4100: 'inflictor': unreferenced formal parameter
p_client.c(1383): warning C4996: 'strcpy': This function or variable may be unsafe. Consider using strcpy_s instead. To disable deprecation, use _CRT_SECURE_NO_WARNINGS. See online help for details.
p_client.c(1388): warning C4996: 'strncpy': This function or variable may be unsafe. Consider using strncpy_s instead. To disable deprecation, use _CRT_SECURE_NO_WARNINGS. See online help for details.
  C:\Program Files (x86)\Windows Kits\10\Include\10.0.10240.0\ucrt\string.h(340): note: see declaration of 'strncpy'
p_client.c(1428): warning C4996: 'strncpy': This function or variable may be unsafe. Consider using strncpy_s instead. To disable deprecation, use _CRT_SECURE_NO_WARNINGS. See online help for details.
  C:\Program Files (x86)\Windows Kits\10\Include\10.0.10240.0\ucrt\string.h(340): note: see declaration of 'strncpy'
p_client.c(1764): warning C4456: declaration of 'i' hides previous local declaration
  p_client.c(1587): note: see declaration of 'i'
p_client.c(1788): warning C4456: declaration of 'i' hides previous local declaration
  p_client.c(1587): note: see declaration of 'i'
p_client.c(1809): warning C4456: declaration of 'i' hides previous local declaration
  p_client.c(1587): note: see declaration of 'i'
p_client.c(1763): warning C4101: 'rnum': unreferenced local variable
p_client.c(1764): warning C4101: 'i': unreferenced local variable
p_client.c(1787): warning C4101: 'rnum': unreferenced local variable
p_client.c(1788): warning C4101: 'i': unreferenced local variable
p_client.c(1808): warning C4101: 'rnum': unreferenced local variable
p_client.c(1809): warning C4101: 'i': unreferenced local variable
  p_hud.c
p_hud.c(234): warning C4996: 'strcpy': This function or variable may be unsafe. Consider using strcpy_s instead. To disable deprecation, use _CRT_SECURE_NO_WARNINGS. See online help for details.
p_hud.c(245): warning C4996: 'strcpy': This function or variable may be unsafe. Consider using strcpy_s instead. To disable deprecation, use _CRT_SECURE_NO_WARNINGS. See online help for details.
  p_trail.c
  p_view.c
p_view.c(42): warning C4100: 'angles': unreferenced formal parameter
  p_weapon.c
p_weapon.c(1196): warning C4013: 'fire_sword' undefined; assuming extern returning int
  q_shared.c
q_shared.c(266): warning C4100: 'f': unreferenced formal parameter
q_shared.c(312): warning C4459: declaration of 'i' hides global declaration
  q_shared.c(305): note: see declaration of 'i'
q_shared.c(315): warning C4459: declaration of 'corners' hides global declaration
  q_shared.c(306): note: see declaration of 'corners'
q_shared.c(418): warning C4100: 'p': unreferenced formal parameter
q_shared.c(418): warning C4100: 'emaxs': unreferenced formal parameter
q_shared.c(418): warning C4100: 'emins': unreferenced formal parameter
q_shared.c(658): warning C4459: declaration of 'i' hides global declaration
  q_shared.c(305): note: see declaration of 'i'
q_shared.c(764): warning C4459: declaration of 'i' hides global declaration
  q_shared.c(305): note: see declaration of 'i'
q_shared.c(841): warning C4459: declaration of 'i' hides global declaration
  q_shared.c(305): note: see declaration of 'i'
q_shared.c(876): warning C4996: 'strncpy': This function or variable may be unsafe. Consider using strncpy_s instead. To disable deprecation, use _CRT_SECURE_NO_WARNINGS. See online help for details.
  C:\Program Files (x86)\Windows Kits\10\Include\10.0.10240.0\ucrt\string.h(340): note: see declaration of 'strncpy'
q_shared.c(897): warning C4996: 'strncpy': This function or variable may be unsafe. Consider using strncpy_s instead. To disable deprecation, use _CRT_SECURE_NO_WARNINGS. See online help for details.
  C:\Program Files (x86)\Windows Kits\10\Include\10.0.10240.0\ucrt\string.h(340): note: see declaration of 'strncpy'
q_shared.c(923): warning C4996: 'strcat': This function or variable may be unsafe. Consider using strcat_s instead. To disable deprecation, use _CRT_SECURE_NO_WARNINGS. See online help for details.
q_shared.c(1056): warning C4996: 'vsprintf': This function or variable may be unsafe. Consider using vsprintf_s instead. To disable deprecation, use _CRT_SECURE_NO_WARNINGS. See online help for details.
  C:\Program Files (x86)\Windows Kits\10\Include\10.0.10240.0\ucrt\stdio.h(1465): note: see declaration of 'vsprintf'
q_shared.c(1163): warning C4459: declaration of 'i' hides global declaration
  q_shared.c(305): note: see declaration of 'i'
q_shared.c(1230): warning C4996: 'vsprintf': This function or variable may be unsafe. Consider using vsprintf_s instead. To disable deprecation, use _CRT_SECURE_NO_WARNINGS. See online help for details.
  C:\Program Files (x86)\Windows Kits\10\Include\10.0.10240.0\ucrt\stdio.h(1465): note: see declaration of 'vsprintf'
q_shared.c(1234): warning C4996: 'strncpy': This function or variable may be unsafe. Consider using strncpy_s instead. To disable deprecation, use _CRT_SECURE_NO_WARNINGS. See online help for details.
  C:\Program Files (x86)\Windows Kits\10\Include\10.0.10240.0\ucrt\string.h(340): note: see declaration of 'strncpy'
q_shared.c(1334): warning C4996: 'strcpy': This function or variable may be unsafe. Consider using strcpy_s instead. To disable deprecation, use _CRT_SECURE_NO_WARNINGS. See online help for details.
  Generating Code...
c:\users\ryana\desktop\git2018\game-mod-q2\game\p_hud.c(427): warning C4701: potentially uninitialized local variable 'cells' used
C:\Program Files (x86)\Microsoft Visual Studio\2017\Community\Common7\IDE\VC\VCTargets\Microsoft.CppBuild.targets(1198,5): warning MSB8012: TargetPath(C:\Users\ryana\Desktop\git2018\Game-Mod-Q2\game\.\..\release\game.dll) does not match the Linker's OutputFile property value (C:\Users\ryana\Desktop\git2018\Game-Mod-Q2\release\gamex86.dll). This may cause your project to build incorrectly. To correct this, please make sure that $(OutDir), $(TargetName) and $(TargetExt) property values match the value specified in %(Link.OutputFile).
C:\Program Files (x86)\Microsoft Visual Studio\2017\Community\Common7\IDE\VC\VCTargets\Microsoft.CppBuild.targets(1200,5): warning MSB8012: TargetName(game) does not match the Linker's OutputFile property value (gamex86). This may cause your project to build incorrectly. To correct this, please make sure that $(OutDir), $(TargetName) and $(TargetExt) property values match the value specified in %(Link.OutputFile).
     Creating library .\..\release\gamex86.lib and object .\..\release\gamex86.exp
  game.vcxproj -> C:\Users\ryana\Desktop\git2018\Game-Mod-Q2\game\.\..\release\game.dll
